\BOOKMARK [1][-]{section.1}{Introducci\363n}{}% 1
\BOOKMARK [1][-]{section.2}{Algoritmos}{}% 2
\BOOKMARK [2][-]{subsection.2.1}{Bubble Sort}{section.2}% 3
\BOOKMARK [2][-]{subsection.2.2}{Insertion Sort}{section.2}% 4
\BOOKMARK [2][-]{subsection.2.3}{Merge Sort}{section.2}% 5
\BOOKMARK [2][-]{subsection.2.4}{Quick Sort}{section.2}% 6
\BOOKMARK [1][-]{section.3}{Experimentos}{}% 7
\BOOKMARK [1][-]{section.4}{Resultados}{}% 8
\BOOKMARK [1][-]{section.5}{Conclusi\363n}{}% 9
\BOOKMARK [1][-]{section.6}{Anexos}{}% 10
\BOOKMARK [2][-]{subsection.6.1}{Algoritmos}{section.6}% 11
\BOOKMARK [3][-]{subsubsection.6.1.1}{Bubble Sort}{subsection.6.1}% 12
\BOOKMARK [3][-]{subsubsection.6.1.2}{Insertion Sort}{subsection.6.1}% 13
\BOOKMARK [3][-]{subsubsection.6.1.3}{Merge Sort}{subsection.6.1}% 14
\BOOKMARK [3][-]{subsubsection.6.1.4}{Quick Sort}{subsection.6.1}% 15
\BOOKMARK [2][-]{subsection.6.2}{Experimentos}{section.6}% 16
\BOOKMARK [3][-]{subsubsection.6.2.1}{Experimento 1}{subsection.6.2}% 17
\BOOKMARK [3][-]{subsubsection.6.2.2}{Experimento 2}{subsection.6.2}% 18
\BOOKMARK [3][-]{subsubsection.6.2.3}{Experimento 3}{subsection.6.2}% 19
\BOOKMARK [3][-]{subsubsection.6.2.4}{Experimento 4}{subsection.6.2}% 20
\BOOKMARK [2][-]{subsection.6.3}{Resultados}{section.6}% 21
\BOOKMARK [3][-]{subsubsection.6.3.1}{Resultado 1}{subsection.6.3}% 22
\BOOKMARK [3][-]{subsubsection.6.3.2}{Resultado 2}{subsection.6.3}% 23
\BOOKMARK [3][-]{subsubsection.6.3.3}{Resultado 3}{subsection.6.3}% 24
\BOOKMARK [3][-]{subsubsection.6.3.4}{Resultado 4}{subsection.6.3}% 25
